Traceback (most recent call last):
  File "<frozen runpy>", line 198, in _run_module_as_main
  File "<frozen runpy>", line 88, in _run_code
  File "/home/addinedu/venv/ms_service_test/lib/python3.12/site-packages/uvicorn/__main__.py", line 4, in <module>
    uvicorn.main()
  File "/home/addinedu/venv/ms_service_test/lib/python3.12/site-packages/click/core.py", line 1485, in __call__
    return self.main(*args, **kwargs)
           ^^^^^^^^^^^^^^^^^^^^^^^^^^
  File "/home/addinedu/venv/ms_service_test/lib/python3.12/site-packages/click/core.py", line 1406, in main
    rv = self.invoke(ctx)
         ^^^^^^^^^^^^^^^^
  File "/home/addinedu/venv/ms_service_test/lib/python3.12/site-packages/click/core.py", line 1269, in invoke
    return ctx.invoke(self.callback, **ctx.params)
           ^^^^^^^^^^^^^^^^^^^^^^^^^^^^^^^^^^^^^^^
  File "/home/addinedu/venv/ms_service_test/lib/python3.12/site-packages/click/core.py", line 824, in invoke
    return callback(*args, **kwargs)
           ^^^^^^^^^^^^^^^^^^^^^^^^^
  File "/home/addinedu/venv/ms_service_test/lib/python3.12/site-packages/uvicorn/main.py", line 433, in main
    run(
  File "/home/addinedu/venv/ms_service_test/lib/python3.12/site-packages/uvicorn/main.py", line 606, in run
    server.run()
  File "/home/addinedu/venv/ms_service_test/lib/python3.12/site-packages/uvicorn/server.py", line 75, in run
    return asyncio_run(self.serve(sockets=sockets), loop_factory=self.config.get_loop_factory())
           ^^^^^^^^^^^^^^^^^^^^^^^^^^^^^^^^^^^^^^^^^^^^^^^^^^^^^^^^^^^^^^^^^^^^^^^^^^^^^^^^^^^^^
  File "/usr/lib/python3.12/asyncio/runners.py", line 194, in run
    return runner.run(main)
           ^^^^^^^^^^^^^^^^
  File "/usr/lib/python3.12/asyncio/runners.py", line 118, in run
    return self._loop.run_until_complete(task)
           ^^^^^^^^^^^^^^^^^^^^^^^^^^^^^^^^^^^
  File "uvloop/loop.pyx", line 1518, in uvloop.loop.Loop.run_until_complete
  File "/home/addinedu/venv/ms_service_test/lib/python3.12/site-packages/uvicorn/server.py", line 79, in serve
    await self._serve(sockets)
  File "/home/addinedu/venv/ms_service_test/lib/python3.12/site-packages/uvicorn/server.py", line 86, in _serve
    config.load()
  File "/home/addinedu/venv/ms_service_test/lib/python3.12/site-packages/uvicorn/config.py", line 441, in load
    self.loaded_app = import_from_string(self.app)
                      ^^^^^^^^^^^^^^^^^^^^^^^^^^^^
  File "/home/addinedu/venv/ms_service_test/lib/python3.12/site-packages/uvicorn/importer.py", line 22, in import_from_string
    raise exc from None
  File "/home/addinedu/venv/ms_service_test/lib/python3.12/site-packages/uvicorn/importer.py", line 19, in import_from_string
    module = importlib.import_module(module_str)
             ^^^^^^^^^^^^^^^^^^^^^^^^^^^^^^^^^^^
  File "/usr/lib/python3.12/importlib/__init__.py", line 90, in import_module
    return _bootstrap._gcd_import(name[level:], package, level)
           ^^^^^^^^^^^^^^^^^^^^^^^^^^^^^^^^^^^^^^^^^^^^^^^^^^^^
  File "<frozen importlib._bootstrap>", line 1387, in _gcd_import
  File "<frozen importlib._bootstrap>", line 1360, in _find_and_load
  File "<frozen importlib._bootstrap>", line 1331, in _find_and_load_unlocked
  File "<frozen importlib._bootstrap>", line 935, in _load_unlocked
  File "<frozen importlib._bootstrap_external>", line 995, in exec_module
  File "<frozen importlib._bootstrap>", line 488, in _call_with_frames_removed
  File "/home/addinedu/roscamp-repo-1/services/main_server/fms/main.py", line 12, in <module>
    from robot_manager import fleet
ModuleNotFoundError: No module named 'robot_manager'
INFO:     Started server process [1521041]
INFO:     Waiting for application startup.
INFO:     Application startup complete.
INFO:     Uvicorn running on http://0.0.0.0:8002 (Press CTRL+C to quit)
INFO:     127.0.0.1:42102 - "WebSocket /ws/robots" [accepted]
INFO:     connection open
INFO:     connection closed
INFO:     Shutting down
INFO:     Waiting for application shutdown.
INFO:     Application shutdown complete.
INFO:     Finished server process [1521041]
[fleet] sshopy1 offline — Failed to connect to ROS
[fleet] sshopy3 offline — Failed to connect to ROS
[fleet] sshopy2 offline — Failed to connect to ROS
[fleet] front_jet offline — Failed to connect to ROS
[fleet] ware_jet offline — Failed to connect to ROS
[fleet] sshopy1 offline — Failed to connect to ROS
[fleet] sshopy2 offline — Failed to connect to ROS
[fleet] sshopy3 offline — Failed to connect to ROS
[fleet] front_jet offline — Failed to connect to ROS
[fleet] ware_jet offline — Failed to connect to ROS
[fleet] sshopy2 offline — Failed to connect to ROS
[fleet] sshopy1 offline — Failed to connect to ROS
[fleet] sshopy3 offline — Failed to connect to ROS
[fleet] front_jet offline — Failed to connect to ROS
[fleet] ware_jet offline — Failed to connect to ROS
[fleet] sshopy1 offline — Failed to connect to ROS
[fleet] sshopy2 offline — Failed to connect to ROS
[fleet] sshopy3 offline — Failed to connect to ROS
[fleet] front_jet offline — Failed to connect to ROS
[fleet] ware_jet offline — Failed to connect to ROS
